<?xml version="1.0" encoding="UTF-8"?>
<!-- Generated by org.testng.reporters.JUnitXMLReporter -->
<testsuite ignored="0" hostname="OMANTA-PC" failures="0" tests="1" name="PrimerTest" time="6.563" errors="0" timestamp="2022-04-04T09:23:06 CEST">
  <testcase classname="firstTestPackage.PortalRestClass" name="@BeforeMethod verifyHomepageTitle" time="1.119">
    <failure type="java.lang.AssertionError" message="expected [PortalRest2] but found [PortalRest]">
      <![CDATA[java.lang.AssertionError: expected [PortalRest2] but found [PortalRest]
at firstTestPackage.PortalRestClass.verifyHomepageTitle(PortalRestClass.java:46)
at java.base/java.util.ArrayList.forEach(ArrayList.java:1511)
... Removed 37 stack frames]]>
    </failure>
  </testcase> <!-- @BeforeMethod verifyHomepageTitle -->
  <testcase classname="firstTestPackage.PortalRestClass" name="@AfterTest endSession" time="-1.649056986121E9">
    <skipped/>
  </testcase> <!-- @AfterTest endSession -->
  <testcase classname="firstTestPackage.PortalRestClass" name="vericarFichaRestaurante" time="0.0">
    <skipped/>
  </testcase> <!-- vericarFichaRestaurante -->
</testsuite> <!-- PrimerTest -->
