<?xml version="1.0" encoding="UTF-8"?>
<testng-results ignored="4" total="8" passed="4" failed="0" skipped="0">
  <reporter-output>
    <line>
      <![CDATA[Página Cargada - Title: PortalRest2]]>
    </line>
    <line>
      <![CDATA[Titulo de la página actual: PortalRest2]]>
    </line>
    <line>
      <![CDATA[Hemos encontrado 7 familias ]]>
    </line>
    <line>
      <![CDATA[Titulo de la página actual: PortalRest2]]>
    </line>
    <line>
      <![CDATA[Hemos encontrado la classe cookies-info-content]]>
    </line>
    <line>
      <![CDATA[Titulo de la página actual: PortalRest2]]>
    </line>
    <line>
      <![CDATA[Hemos aceptado las cookies]]>
    </line>
    <line>
      <![CDATA[Titulo de la página actual: PortalRest2]]>
    </line>
  </reporter-output>
  <suite started-at="2022-04-05T17:34:34 CEST" name="AbrePortalRestSuite" finished-at="2022-04-05T17:34:42 CEST" duration-ms="8525">
    <groups>
    </groups>
    <test started-at="2022-04-05T17:34:34 CEST" name="Carta Restaurante (Solo consulta)" finished-at="2022-04-05T17:34:42 CEST" duration-ms="8525">
      <class name="AbrePortalRestPackage.VerificarCookies">
        <test-method signature="verificarCookies()[pri:1, instance:AbrePortalRestPackage.VerificarCookies@729d991e]" started-at="2022-04-05T17:34:40 CEST" name="verificarCookies" description="Verifica si sale o no la ventana de aceptación de cookies" finished-at="2022-04-05T17:34:40 CEST" duration-ms="16" status="PASS">
          <reporter-output>
            <line>
              <![CDATA[Hemos encontrado la classe cookies-info-content]]>
            </line>
          </reporter-output>
        </test-method> <!-- verificarCookies -->
        <test-method is-config="true" signature="verifyHomepageTitle(java.lang.String)[pri:0, instance:AbrePortalRestPackage.VerificarCookies@729d991e]" started-at="2022-04-05T17:34:40 CEST" name="verifyHomepageTitle" finished-at="2022-04-05T17:34:41 CEST" duration-ms="1017" status="PASS">
          <params>
            <param index="0">
              <value>
                <![CDATA[PortalRest2]]>
              </value>
            </param>
          </params>
          <reporter-output>
            <line>
              <![CDATA[Titulo de la página actual: PortalRest2]]>
            </line>
          </reporter-output>
        </test-method> <!-- verifyHomepageTitle -->
        <test-method signature="aceptaCookies()[pri:2, instance:AbrePortalRestPackage.VerificarCookies@729d991e]" started-at="2022-04-05T17:34:41 CEST" name="aceptaCookies" description="Acepta cookies" finished-at="2022-04-05T17:34:41 CEST" depends-on-methods="AbrePortalRestPackage.VerificarCookies.verificarCookies" duration-ms="122" status="PASS">
          <reporter-output>
            <line>
              <![CDATA[Hemos aceptado las cookies]]>
            </line>
          </reporter-output>
        </test-method> <!-- aceptaCookies -->
        <test-method is-config="true" signature="verifyHomepageTitle(java.lang.String)[pri:0, instance:AbrePortalRestPackage.VerificarCookies@729d991e]" started-at="2022-04-05T17:34:41 CEST" name="verifyHomepageTitle" finished-at="2022-04-05T17:34:42 CEST" duration-ms="1014" status="PASS">
          <params>
            <param index="0">
              <value>
                <![CDATA[PortalRest2]]>
              </value>
            </param>
          </params>
          <reporter-output>
            <line>
              <![CDATA[Titulo de la página actual: PortalRest2]]>
            </line>
          </reporter-output>
        </test-method> <!-- verifyHomepageTitle -->
      </class> <!-- AbrePortalRestPackage.VerificarCookies -->
      <class name="AbrePortalRestPackage.AbrirUrl">
        <test-method is-config="true" signature="initialize()[pri:0, instance:AbrePortalRestPackage.AbrirUrl@3a44431a]" started-at="2022-04-05T17:34:28 CEST" name="initialize" finished-at="2022-04-05T17:34:34 CEST" duration-ms="6131" status="PASS">
          <reporter-output>
          </reporter-output>
        </test-method> <!-- initialize -->
        <test-method signature="AbrirURL(java.lang.String)[pri:0, instance:AbrePortalRestPackage.AbrirUrl@3a44431a]" started-at="2022-04-05T17:34:34 CEST" name="AbrirURL" finished-at="2022-04-05T17:34:36 CEST" duration-ms="2081" status="PASS">
          <params>
            <param index="0">
              <value>
                <![CDATA[https://www.portalrest.com/index.html?data=%3DATPrNXYmYTPtZSM4IDM0ETP0NXZSRWa]]>
              </value>
            </param>
          </params>
          <reporter-output>
            <line>
              <![CDATA[Página Cargada - Title: PortalRest2]]>
            </line>
          </reporter-output>
        </test-method> <!-- AbrirURL -->
        <test-method is-config="true" signature="verifyHomepageTitle(java.lang.String)[pri:0, instance:AbrePortalRestPackage.AbrirUrl@3a44431a]" started-at="2022-04-05T17:34:36 CEST" name="verifyHomepageTitle" finished-at="2022-04-05T17:34:37 CEST" duration-ms="1014" status="PASS">
          <params>
            <param index="0">
              <value>
                <![CDATA[PortalRest2]]>
              </value>
            </param>
          </params>
          <reporter-output>
            <line>
              <![CDATA[Titulo de la página actual: PortalRest2]]>
            </line>
          </reporter-output>
        </test-method> <!-- verifyHomepageTitle -->
        <test-method is-config="true" signature="endSession()[pri:0, instance:AbrePortalRestPackage.AbrirUrl@3a44431a]" started-at="2022-04-05T17:34:42 CEST" name="endSession" finished-at="2022-04-05T17:34:44 CEST" duration-ms="1537" status="PASS">
          <reporter-output>
          </reporter-output>
        </test-method> <!-- endSession -->
      </class> <!-- AbrePortalRestPackage.AbrirUrl -->
      <class name="AbrePortalRestPackage.VerificarCartaRestaurante">
        <test-method signature="verificarCartaRestaurante(java.lang.String,java.lang.String)[pri:1, instance:AbrePortalRestPackage.VerificarCartaRestaurante@6404f418]" started-at="2022-04-05T17:34:37 CEST" name="verificarCartaRestaurante" description="Este test abre la URL proporcionada para abrir PortalRest" finished-at="2022-04-05T17:34:39 CEST" duration-ms="2179" status="PASS">
          <params>
            <param index="0">
              <value>
                <![CDATA[PortalRest2]]>
              </value>
            </param>
            <param index="1">
              <value>
                <![CDATA[//*[@class='familyItem ng-star-inserted']]]>
              </value>
            </param>
          </params>
          <reporter-output>
            <line>
              <![CDATA[Hemos encontrado 7 familias ]]>
            </line>
          </reporter-output>
        </test-method> <!-- verificarCartaRestaurante -->
        <test-method is-config="true" signature="verifyHomepageTitle(java.lang.String)[pri:0, instance:AbrePortalRestPackage.VerificarCartaRestaurante@6404f418]" started-at="2022-04-05T17:34:39 CEST" name="verifyHomepageTitle" finished-at="2022-04-05T17:34:40 CEST" duration-ms="1008" status="PASS">
          <params>
            <param index="0">
              <value>
                <![CDATA[PortalRest2]]>
              </value>
            </param>
          </params>
          <reporter-output>
            <line>
              <![CDATA[Titulo de la página actual: PortalRest2]]>
            </line>
          </reporter-output>
        </test-method> <!-- verifyHomepageTitle -->
      </class> <!-- AbrePortalRestPackage.VerificarCartaRestaurante -->
    </test> <!-- Carta Restaurante (Solo consulta) -->
  </suite> <!-- AbrePortalRestSuite -->
</testng-results>
