<?xml version="1.0" encoding="UTF-8"?>
<!-- Generated by org.testng.reporters.JUnitXMLReporter -->
<testsuite ignored="4" hostname="OMANTA-PC" failures="0" tests="4" name="Carta Restaurante (Solo consulta)" time="6.866" errors="0" timestamp="2022-07-14T10:40:22 CEST">
  <testcase classname="utils.AbrirUrl" name="abrirURL" time="2.501"/>
  <testcase classname="AbrePortalRestPackage.VerificarCartaRestaurante" name="verificarCartaRestaurante" time="0.109"/>
  <testcase classname="AbrePortalRestPackage.VerificarCookies" name="verificarCookies" time="0.028"/>
  <testcase classname="AbrePortalRestPackage.VerificarCookies" name="aceptaCookies" time="0.106"/>
  <testcase classname="utils.TestBase" name="@AfterSuite endSession" time="0.0">
    <ignored/>
  </testcase> <!-- @AfterSuite endSession -->
  <testcase classname="utils.TestBase" name="@AfterSuite endSession" time="0.0">
    <ignored/>
  </testcase> <!-- @AfterSuite endSession -->
  <testcase classname="utils.TestBase" name="@BeforeSuite initialize" time="0.0">
    <ignored/>
  </testcase> <!-- @BeforeSuite initialize -->
  <testcase classname="utils.TestBase" name="@BeforeSuite initialize" time="0.0">
    <ignored/>
  </testcase> <!-- @BeforeSuite initialize -->
</testsuite> <!-- Carta Restaurante (Solo consulta) -->
