<?xml version="1.0" encoding="UTF-8"?>
<!-- Generated by org.testng.reporters.JUnitXMLReporter -->
<testsuite ignored="4" hostname="OMANTA-PC" failures="0" tests="4" name="Carta Restaurante (Solo consulta)" time="8.525" errors="0" timestamp="2022-04-05T17:34:42 CEST">
  <testcase classname="AbrePortalRestPackage.AbrirUrl" name="AbrirURL" time="2.081"/>
  <testcase classname="AbrePortalRestPackage.VerificarCartaRestaurante" name="verificarCartaRestaurante" time="2.179"/>
  <testcase classname="AbrePortalRestPackage.VerificarCookies" name="verificarCookies" time="0.016"/>
  <testcase classname="AbrePortalRestPackage.VerificarCookies" name="aceptaCookies" time="0.122"/>
  <testcase classname="AbrePortalRestPackage.TestBase" name="@AfterSuite endSession" time="0.0">
    <ignored/>
  </testcase> <!-- @AfterSuite endSession -->
  <testcase classname="AbrePortalRestPackage.TestBase" name="@AfterSuite endSession" time="0.0">
    <ignored/>
  </testcase> <!-- @AfterSuite endSession -->
  <testcase classname="AbrePortalRestPackage.TestBase" name="@BeforeSuite initialize" time="0.0">
    <ignored/>
  </testcase> <!-- @BeforeSuite initialize -->
  <testcase classname="AbrePortalRestPackage.TestBase" name="@BeforeSuite initialize" time="0.0">
    <ignored/>
  </testcase> <!-- @BeforeSuite initialize -->
</testsuite> <!-- Carta Restaurante (Solo consulta) -->
