<?xml version="1.0" encoding="UTF-8"?>
<!-- Generated by org.testng.reporters.JUnitXMLReporter -->
<testsuite ignored="4" hostname="OMANTA-PC" failures="0" tests="4" name="FichaRestaurante" time="9.094" errors="0" timestamp="2022-04-05T12:43:40 CEST">
  <testcase classname="AbrePortalRestPackage.AbrirUrl" name="AbrirURL" time="2.631"/>
  <testcase classname="AbrePortalRestPackage.VerificarFichaRestaurante" name="verificaFichaRestaurante" time="2.231"/>
  <testcase classname="AbrePortalRestPackage.VerificarCookies" name="verificarCookies" time="0.021"/>
  <testcase classname="AbrePortalRestPackage.VerificarCookies" name="aceptaCookies" time="0.087"/>
  <testcase classname="AbrePortalRestPackage.TestBase" name="@AfterSuite endSession" time="0.0">
    <ignored/>
  </testcase> <!-- @AfterSuite endSession -->
  <testcase classname="AbrePortalRestPackage.TestBase" name="@AfterSuite endSession" time="0.0">
    <ignored/>
  </testcase> <!-- @AfterSuite endSession -->
  <testcase classname="AbrePortalRestPackage.TestBase" name="@BeforeSuite initialize" time="0.0">
    <ignored/>
  </testcase> <!-- @BeforeSuite initialize -->
  <testcase classname="AbrePortalRestPackage.TestBase" name="@BeforeSuite initialize" time="0.0">
    <ignored/>
  </testcase> <!-- @BeforeSuite initialize -->
</testsuite> <!-- FichaRestaurante -->
